<?xml version="1.0" encoding="UTF-8"?>
<!-- Generated by org.testng.reporters.JUnitXMLReporter -->
<testsuite ignored="80" hostname="LTIN252453" failures="2" tests="41" name="chromeTest" time="148.47" errors="0" timestamp="2024-03-26T17:46:09 IST">
  <testcase classname="testCases.TestCase_01_01_EnteringRequiredValuesInHomePage" name="enterDetails" time="2.808"/>
  <testcase classname="testCases.TestCase_01_02_DisplayingTheEMIPaymentTable" name="displayResult" time="3.889"/>
  <testcase classname="testCases.TestCase_02_01_StoringTheYearTableInExcel" name="storeTable" time="16.293"/>
  <testcase classname="testCases.TestCase_03_01_EMICalculator_ValidatingLoanAmountTextBox" name="validateLoanAmountTextBox" time="1.863"/>
  <testcase classname="testCases.TestCase_03_02_EMICalculator_ValidatingLoanAmountSlider" name="validateLoanAmountSlider" time="1.686"/>
  <testcase classname="testCases.TestCase_03_03_EMICalculator_ScaleChangeForLoanAmountTextBoxAndSlider" name="validatingDataFlowBetweenLoanAmountSliderAndTextBox" time="2.764"/>
  <testcase classname="testCases.TestCase_03_04_EMICalculator_ValidatingInterestRateTextBox" name="validateInterestRateTextBox" time="1.312"/>
  <testcase classname="testCases.TestCase_03_05_EMICalculator_ValidatingInterestRateSlider" name="validateInterestRateSlider" time="1.446"/>
  <testcase classname="testCases.TestCase_03_06_EMICalculator_ScaleChangeForInterestRateTextBoxAndSlider" name="validatingDataFlowBetweenInterestRateSliderAndTextBox" time="3.163"/>
  <testcase classname="testCases.TestCase_03_07_EMICalculator_ValidatingLoanTenureTextBox" name="validateLoanTenureTextBox" time="2.132"/>
  <testcase classname="testCases.TestCase_03_08_EMICalculator_ValidatingLoanTenureSlider" name="validateLoanTenureSlider" time="3.0"/>
  <testcase classname="testCases.TestCase_03_09_EMICalculator_ScaleChangeForLoanTenureTextBoxAndSlider" name="validatingDataFlowBetweenLoanTenureSliderAndTextBox" time="3.336"/>
  <testcase classname="testCases.TestCase_03_10_EMICalculator_ValidatingFeesAndChargesTextBox" name="validateFeesAndChargesTextBox" time="2.437"/>
  <testcase classname="testCases.TestCase_03_11_EMICalculator_ValidatingFeesAndChargesSlider" name="validateFeesAndChargesSlider" time="1.396"/>
  <testcase classname="testCases.TestCase_03_12_EMICalculator_ScaleChangeForFeesAndChargesTextBoxAndSlider" name="validatingDataFlowBetweenFeesAndChargesSliderAndTextBox" time="3.184"/>
  <testcase classname="testCases.TestCase_03_13_LoanAmtCalculator_ValidatingEMITextBox" name="validatingValidatingEMITextBox" time="2.817"/>
  <testcase classname="testCases.TestCase_03_14_LoanAmtCalculator_ValidatingEMISlider" name="validatingEMISlider" time="2.76"/>
  <testcase classname="testCases.TestCase_03_15_LoanAmtCalculator_ScaleChangeForEMITextBoxAndSlider" name="validatingDataFlowBetweenEMISliderAndTextBox" time="4.562">
    <failure type="java.lang.AssertionError" message="null">
      <![CDATA[java.lang.AssertionError: null
at utilities.Assertions.fail(Assertions.java:13)
at testCases.TestCase_03_15_LoanAmtCalculator_ScaleChangeForEMITextBoxAndSlider.validatingDataFlowBetweenEMISliderAndTextBox(TestCase_03_15_LoanAmtCalculator_ScaleChangeForEMITextBoxAndSlider.java:45)
at java.base/java.util.ArrayList.forEach(ArrayList.java:1511)
... Removed 29 stack frames]]>
    </failure>
  </testcase> <!-- validatingDataFlowBetweenEMISliderAndTextBox -->
  <testcase classname="testCases.TestCase_03_16_LoanAmtCalculator_ValidatingInterestRateTextBox" name="validateInterestRateTextBox" time="2.816"/>
  <testcase classname="testCases.TestCase_03_17_LoanAmtCalculator_ValidatingInterestRateSlider" name="validatingDataFlowBetweenInterestRateSliderAndTextBox" time="2.225"/>
  <testcase classname="testCases.TestCase_03_18_LoanAmtCalculator_ScaleChangeForInterestRateTextBoxAndSlider" name="validatingDataFlowBetweenInterestRateSliderAndTextBox" time="3.003"/>
  <testcase classname="testCases.TestCase_03_19_LoanAmtCalculator_ValidatingLoanTenureTextBox" name="validateLoanTenureTextBox" time="2.256"/>
  <testcase classname="testCases.TestCase_03_20_LoanAmtCalculator_ValidatingLoanTenureSlider" name="validateLoanTenureSlider" time="1.863"/>
  <testcase classname="testCases.TestCase_03_21_LoanAmtCalculator_ScaleChangeForLoanTenureTextBoxAndSlider" name="validatingDataFlowBetweenLoanTenureSliderAndTextBox" time="3.07"/>
  <testcase classname="testCases.TestCase_03_22_LoanAmtCalculator_ValidatingFeesAndChargesTextBox" name="validateFeesAndChargesTextBox" time="1.849"/>
  <testcase classname="testCases.TestCase_03_23_LoanAmtCalculator_ValidatingFeesAndChargesSlider" name="validateFeesAndChargesSlider" time="1.787"/>
  <testcase classname="testCases.TestCase_03_24_LoanAmtCalculator_ScaleChangeForFeesAndChargesTextBoxAndSlider" name="validatingDataFlowBetweenFeesAndChargesSliderAndTextBox" time="2.865"/>
  <testcase classname="testCases.TestCase_03_25_LoanTenureCalculator_ValidatingLoanAmountTextBox" name="validateLoanAmountTextBox" time="1.537"/>
  <testcase classname="testCases.TestCase_03_26_LoanTenureCalculator_ValidatingLoanAmountSlider" name="validateLoanAmountSlider" time="1.614"/>
  <testcase classname="testCases.TestCase_03_27_LoanTenureCalculator_ScaleChangeForLoanAmountTextBoxAndSlider" name="validatingDataFlowBetweenLoanAmountSliderAndTextBox" time="2.973"/>
  <testcase classname="testCases.TestCase_03_28_LoanTenureCalculator_ValidatingEMITextBox" name="validatingValidatingEMITextBox" time="2.18"/>
  <testcase classname="testCases.TestCase_03_29_LoanTenureCalculator_ValidatingEMISlider" name="validatingEMISlider" time="2.196"/>
  <testcase classname="testCases.TestCase_03_30_LoanTenureCalculator_ScaleChangeForEMITextBoxAndSlider" name="validatingDataFlowBetweenEMISliderAndTextBox" time="3.326">
    <failure type="java.lang.AssertionError" message="null">
      <![CDATA[java.lang.AssertionError: null
at utilities.Assertions.fail(Assertions.java:13)
at testCases.TestCase_03_30_LoanTenureCalculator_ScaleChangeForEMITextBoxAndSlider.validatingDataFlowBetweenEMISliderAndTextBox(TestCase_03_30_LoanTenureCalculator_ScaleChangeForEMITextBoxAndSlider.java:45)
at java.base/java.util.ArrayList.forEach(ArrayList.java:1511)
... Removed 29 stack frames]]>
    </failure>
  </testcase> <!-- validatingDataFlowBetweenEMISliderAndTextBox -->
  <testcase classname="testCases.TestCase_03_31_LoanTenureCalculator_ValidatingInterestRateTextBox" name="validateInterestRateTextBox" time="1.888"/>
  <testcase classname="testCases.TestCase_03_32_LoanTenureCalculator_ValidatingInterestRateSlider" name="validatingInterestRateSlider" time="1.675"/>
  <testcase classname="testCases.TestCase_03_33_LoanTenureCalculator_ScaleChangeForInterestRateTextBoxAndSlider" name="validateDataFlowBetweenInterestRateSliderAndTextBox" time="3.378"/>
  <testcase classname="testCases.TestCase_03_34_LoanTenureCalculator_ValidatingFeesAndChargesTextBox" name="validateFeesAndChargesTextBox" time="1.78"/>
  <testcase classname="testCases.TestCase_03_35_LoanTenureCalculator_ValidatingFeesAndChargesSlider" name="validateFeesAndChargesSlider" time="1.838"/>
  <testcase classname="testCases.TestCase_03_36_LoanTenureCalculator_ScaleChangeForFeesAndChargesTextBoxAndSlider" name="validatingDataFlowBetweenFeesAndChargesSliderAndTextBox" time="2.704"/>
  <testcase classname="testCases.TestCase_03_37_EMICalculator_ValidationForYearAndMonthOption" name="validatingDataFlowBetweenYearAndMonthButton" time="1.574"/>
  <testcase classname="testCases.TestCase_03_38_LoanAmtCalculator_ValidationForYearAndMonthOption" name="validatingDataFlowBetweenYearAndMonthButton" time="1.783"/>
  <testcase classname="testBase.BaseClass" name="@AfterTest tearDown" time="0.0">
    <ignored/>
  </testcase> <!-- @AfterTest tearDown -->
  <testcase classname="testBase.BaseClass" name="@BeforeTest setUp" time="0.0">
    <ignored/>
  </testcase> <!-- @BeforeTest setUp -->
  <testcase classname="testBase.BaseClass" name="@BeforeTest setUp" time="0.0">
    <ignored/>
  </testcase> <!-- @BeforeTest setUp -->
  <testcase classname="testBase.BaseClass" name="@AfterTest tearDown" time="0.0">
    <ignored/>
  </testcase> <!-- @AfterTest tearDown -->
  <testcase classname="testBase.BaseClass" name="@BeforeTest setUp" time="0.0">
    <ignored/>
  </testcase> <!-- @BeforeTest setUp -->
  <testcase classname="testBase.BaseClass" name="@AfterTest tearDown" time="0.0">
    <ignored/>
  </testcase> <!-- @AfterTest tearDown -->
  <testcase classname="testBase.BaseClass" name="@BeforeTest setUp" time="0.0">
    <ignored/>
  </testcase> <!-- @BeforeTest setUp -->
  <testcase classname="testBase.BaseClass" name="@AfterTest tearDown" time="0.0">
    <ignored/>
  </testcase> <!-- @AfterTest tearDown -->
  <testcase classname="testBase.BaseClass" name="@AfterTest tearDown" time="0.0">
    <ignored/>
  </testcase> <!-- @AfterTest tearDown -->
  <testcase classname="testBase.BaseClass" name="@BeforeTest setUp" time="0.0">
    <ignored/>
  </testcase> <!-- @BeforeTest setUp -->
  <testcase classname="testBase.BaseClass" name="@BeforeTest setUp" time="0.0">
    <ignored/>
  </testcase> <!-- @BeforeTest setUp -->
  <testcase classname="testBase.BaseClass" name="@AfterTest tearDown" time="0.0">
    <ignored/>
  </testcase> <!-- @AfterTest tearDown -->
  <testcase classname="testBase.BaseClass" name="@BeforeTest setUp" time="0.0">
    <ignored/>
  </testcase> <!-- @BeforeTest setUp -->
  <testcase classname="testBase.BaseClass" name="@BeforeTest setUp" time="0.0">
    <ignored/>
  </testcase> <!-- @BeforeTest setUp -->
  <testcase classname="testBase.BaseClass" name="@AfterTest tearDown" time="0.0">
    <ignored/>
  </testcase> <!-- @AfterTest tearDown -->
  <testcase classname="testBase.BaseClass" name="@AfterTest tearDown" time="0.0">
    <ignored/>
  </testcase> <!-- @AfterTest tearDown -->
  <testcase classname="testBase.BaseClass" name="@BeforeTest setUp" time="0.0">
    <ignored/>
  </testcase> <!-- @BeforeTest setUp -->
  <testcase classname="testBase.BaseClass" name="@AfterTest tearDown" time="0.0">
    <ignored/>
  </testcase> <!-- @AfterTest tearDown -->
  <testcase classname="testBase.BaseClass" name="@BeforeTest setUp" time="0.0">
    <ignored/>
  </testcase> <!-- @BeforeTest setUp -->
  <testcase classname="testBase.BaseClass" name="@BeforeTest setUp" time="0.0">
    <ignored/>
  </testcase> <!-- @BeforeTest setUp -->
  <testcase classname="testBase.BaseClass" name="@BeforeTest setUp" time="0.0">
    <ignored/>
  </testcase> <!-- @BeforeTest setUp -->
  <testcase classname="testBase.BaseClass" name="@AfterTest tearDown" time="0.0">
    <ignored/>
  </testcase> <!-- @AfterTest tearDown -->
  <testcase classname="testBase.BaseClass" name="@AfterTest tearDown" time="0.0">
    <ignored/>
  </testcase> <!-- @AfterTest tearDown -->
  <testcase classname="testBase.BaseClass" name="@AfterTest tearDown" time="0.0">
    <ignored/>
  </testcase> <!-- @AfterTest tearDown -->
  <testcase classname="testBase.BaseClass" name="@BeforeTest setUp" time="0.0">
    <ignored/>
  </testcase> <!-- @BeforeTest setUp -->
  <testcase classname="testBase.BaseClass" name="@BeforeTest setUp" time="0.0">
    <ignored/>
  </testcase> <!-- @BeforeTest setUp -->
  <testcase classname="testBase.BaseClass" name="@BeforeTest setUp" time="0.0">
    <ignored/>
  </testcase> <!-- @BeforeTest setUp -->
  <testcase classname="testBase.BaseClass" name="@AfterTest tearDown" time="0.0">
    <ignored/>
  </testcase> <!-- @AfterTest tearDown -->
  <testcase classname="testBase.BaseClass" name="@BeforeTest setUp" time="0.0">
    <ignored/>
  </testcase> <!-- @BeforeTest setUp -->
  <testcase classname="testBase.BaseClass" name="@AfterTest tearDown" time="0.0">
    <ignored/>
  </testcase> <!-- @AfterTest tearDown -->
  <testcase classname="testBase.BaseClass" name="@AfterTest tearDown" time="0.0">
    <ignored/>
  </testcase> <!-- @AfterTest tearDown -->
  <testcase classname="testBase.BaseClass" name="@BeforeTest setUp" time="0.0">
    <ignored/>
  </testcase> <!-- @BeforeTest setUp -->
  <testcase classname="testBase.BaseClass" name="@AfterTest tearDown" time="0.0">
    <ignored/>
  </testcase> <!-- @AfterTest tearDown -->
  <testcase classname="testBase.BaseClass" name="@AfterTest tearDown" time="0.0">
    <ignored/>
  </testcase> <!-- @AfterTest tearDown -->
  <testcase classname="testBase.BaseClass" name="@AfterTest tearDown" time="0.0">
    <ignored/>
  </testcase> <!-- @AfterTest tearDown -->
  <testcase classname="testBase.BaseClass" name="@BeforeTest setUp" time="0.0">
    <ignored/>
  </testcase> <!-- @BeforeTest setUp -->
  <testcase classname="testBase.BaseClass" name="@AfterTest tearDown" time="0.0">
    <ignored/>
  </testcase> <!-- @AfterTest tearDown -->
  <testcase classname="testBase.BaseClass" name="@AfterTest tearDown" time="0.0">
    <ignored/>
  </testcase> <!-- @AfterTest tearDown -->
  <testcase classname="testBase.BaseClass" name="@AfterTest tearDown" time="0.0">
    <ignored/>
  </testcase> <!-- @AfterTest tearDown -->
  <testcase classname="testBase.BaseClass" name="@BeforeTest setUp" time="0.0">
    <ignored/>
  </testcase> <!-- @BeforeTest setUp -->
  <testcase classname="testBase.BaseClass" name="@BeforeTest setUp" time="0.0">
    <ignored/>
  </testcase> <!-- @BeforeTest setUp -->
  <testcase classname="testBase.BaseClass" name="@AfterTest tearDown" time="0.0">
    <ignored/>
  </testcase> <!-- @AfterTest tearDown -->
  <testcase classname="testBase.BaseClass" name="@BeforeTest setUp" time="0.0">
    <ignored/>
  </testcase> <!-- @BeforeTest setUp -->
  <testcase classname="testBase.BaseClass" name="@BeforeTest setUp" time="0.0">
    <ignored/>
  </testcase> <!-- @BeforeTest setUp -->
  <testcase classname="testBase.BaseClass" name="@BeforeTest setUp" time="0.0">
    <ignored/>
  </testcase> <!-- @BeforeTest setUp -->
  <testcase classname="testBase.BaseClass" name="@BeforeTest setUp" time="0.0">
    <ignored/>
  </testcase> <!-- @BeforeTest setUp -->
  <testcase classname="testBase.BaseClass" name="@BeforeTest setUp" time="0.0">
    <ignored/>
  </testcase> <!-- @BeforeTest setUp -->
  <testcase classname="testBase.BaseClass" name="@BeforeTest setUp" time="0.0">
    <ignored/>
  </testcase> <!-- @BeforeTest setUp -->
  <testcase classname="testBase.BaseClass" name="@AfterTest tearDown" time="0.0">
    <ignored/>
  </testcase> <!-- @AfterTest tearDown -->
  <testcase classname="testBase.BaseClass" name="@BeforeTest setUp" time="0.0">
    <ignored/>
  </testcase> <!-- @BeforeTest setUp -->
  <testcase classname="testBase.BaseClass" name="@AfterTest tearDown" time="0.0">
    <ignored/>
  </testcase> <!-- @AfterTest tearDown -->
  <testcase classname="testBase.BaseClass" name="@AfterTest tearDown" time="0.0">
    <ignored/>
  </testcase> <!-- @AfterTest tearDown -->
  <testcase classname="testBase.BaseClass" name="@BeforeTest setUp" time="0.0">
    <ignored/>
  </testcase> <!-- @BeforeTest setUp -->
  <testcase classname="testBase.BaseClass" name="@BeforeTest setUp" time="0.0">
    <ignored/>
  </testcase> <!-- @BeforeTest setUp -->
  <testcase classname="testBase.BaseClass" name="@AfterTest tearDown" time="0.0">
    <ignored/>
  </testcase> <!-- @AfterTest tearDown -->
  <testcase classname="testBase.BaseClass" name="@AfterTest tearDown" time="0.0">
    <ignored/>
  </testcase> <!-- @AfterTest tearDown -->
  <testcase classname="testBase.BaseClass" name="@BeforeTest setUp" time="0.0">
    <ignored/>
  </testcase> <!-- @BeforeTest setUp -->
  <testcase classname="testBase.BaseClass" name="@BeforeTest setUp" time="0.0">
    <ignored/>
  </testcase> <!-- @BeforeTest setUp -->
  <testcase classname="testBase.BaseClass" name="@AfterTest tearDown" time="0.0">
    <ignored/>
  </testcase> <!-- @AfterTest tearDown -->
  <testcase classname="testBase.BaseClass" name="@AfterTest tearDown" time="0.0">
    <ignored/>
  </testcase> <!-- @AfterTest tearDown -->
  <testcase classname="testBase.BaseClass" name="@BeforeTest setUp" time="0.0">
    <ignored/>
  </testcase> <!-- @BeforeTest setUp -->
  <testcase classname="testBase.BaseClass" name="@AfterTest tearDown" time="0.0">
    <ignored/>
  </testcase> <!-- @AfterTest tearDown -->
  <testcase classname="testBase.BaseClass" name="@AfterTest tearDown" time="0.0">
    <ignored/>
  </testcase> <!-- @AfterTest tearDown -->
  <testcase classname="testBase.BaseClass" name="@BeforeTest setUp" time="0.0">
    <ignored/>
  </testcase> <!-- @BeforeTest setUp -->
  <testcase classname="testBase.BaseClass" name="@BeforeTest setUp" time="0.0">
    <ignored/>
  </testcase> <!-- @BeforeTest setUp -->
  <testcase classname="testBase.BaseClass" name="@AfterTest tearDown" time="0.0">
    <ignored/>
  </testcase> <!-- @AfterTest tearDown -->
  <testcase classname="testBase.BaseClass" name="@BeforeTest setUp" time="0.0">
    <ignored/>
  </testcase> <!-- @BeforeTest setUp -->
  <testcase classname="testBase.BaseClass" name="@AfterTest tearDown" time="0.0">
    <ignored/>
  </testcase> <!-- @AfterTest tearDown -->
  <testcase classname="testBase.BaseClass" name="@BeforeTest setUp" time="0.0">
    <ignored/>
  </testcase> <!-- @BeforeTest setUp -->
  <testcase classname="testBase.BaseClass" name="@AfterTest tearDown" time="0.0">
    <ignored/>
  </testcase> <!-- @AfterTest tearDown -->
  <testcase classname="testBase.BaseClass" name="@BeforeTest setUp" time="0.0">
    <ignored/>
  </testcase> <!-- @BeforeTest setUp -->
  <testcase classname="testBase.BaseClass" name="@BeforeTest setUp" time="0.0">
    <ignored/>
  </testcase> <!-- @BeforeTest setUp -->
  <testcase classname="testBase.BaseClass" name="@AfterTest tearDown" time="0.0">
    <ignored/>
  </testcase> <!-- @AfterTest tearDown -->
  <testcase classname="testBase.BaseClass" name="@BeforeTest setUp" time="0.0">
    <ignored/>
  </testcase> <!-- @BeforeTest setUp -->
  <testcase classname="testBase.BaseClass" name="@BeforeTest setUp" time="0.0">
    <ignored/>
  </testcase> <!-- @BeforeTest setUp -->
  <testcase classname="testBase.BaseClass" name="@AfterTest tearDown" time="0.0">
    <ignored/>
  </testcase> <!-- @AfterTest tearDown -->
  <testcase classname="testBase.BaseClass" name="@AfterTest tearDown" time="0.0">
    <ignored/>
  </testcase> <!-- @AfterTest tearDown -->
  <testcase classname="testBase.BaseClass" name="@AfterTest tearDown" time="0.0">
    <ignored/>
  </testcase> <!-- @AfterTest tearDown -->
  <testcase classname="testBase.BaseClass" name="@AfterTest tearDown" time="0.0">
    <ignored/>
  </testcase> <!-- @AfterTest tearDown -->
  <testcase classname="testBase.BaseClass" name="@AfterTest tearDown" time="0.0">
    <ignored/>
  </testcase> <!-- @AfterTest tearDown -->
</testsuite> <!-- chromeTest -->
