<?xml version="1.0" encoding="UTF-8"?>
<!-- Generated by org.testng.reporters.JUnitXMLReporter -->
<testsuite ignored="80" hostname="LTIN252453" failures="2" tests="41" name="edgeTest" time="142.717" errors="0" timestamp="2024-03-26T17:48:38 IST">
  <testcase classname="testCases.TestCase_01_01_EnteringRequiredValuesInHomePage" name="enterDetails" time="10.051"/>
  <testcase classname="testCases.TestCase_01_02_DisplayingTheEMIPaymentTable" name="displayResult" time="3.469"/>
  <testcase classname="testCases.TestCase_02_01_StoringTheYearTableInExcel" name="storeTable" time="12.169"/>
  <testcase classname="testCases.TestCase_03_01_EMICalculator_ValidatingLoanAmountTextBox" name="validateLoanAmountTextBox" time="1.894"/>
  <testcase classname="testCases.TestCase_03_02_EMICalculator_ValidatingLoanAmountSlider" name="validateLoanAmountSlider" time="1.245"/>
  <testcase classname="testCases.TestCase_03_03_EMICalculator_ScaleChangeForLoanAmountTextBoxAndSlider" name="validatingDataFlowBetweenLoanAmountSliderAndTextBox" time="2.479"/>
  <testcase classname="testCases.TestCase_03_04_EMICalculator_ValidatingInterestRateTextBox" name="validateInterestRateTextBox" time="1.12"/>
  <testcase classname="testCases.TestCase_03_05_EMICalculator_ValidatingInterestRateSlider" name="validateInterestRateSlider" time="1.544"/>
  <testcase classname="testCases.TestCase_03_06_EMICalculator_ScaleChangeForInterestRateTextBoxAndSlider" name="validatingDataFlowBetweenInterestRateSliderAndTextBox" time="2.497"/>
  <testcase classname="testCases.TestCase_03_07_EMICalculator_ValidatingLoanTenureTextBox" name="validateLoanTenureTextBox" time="1.298"/>
  <testcase classname="testCases.TestCase_03_08_EMICalculator_ValidatingLoanTenureSlider" name="validateLoanTenureSlider" time="1.24"/>
  <testcase classname="testCases.TestCase_03_09_EMICalculator_ScaleChangeForLoanTenureTextBoxAndSlider" name="validatingDataFlowBetweenLoanTenureSliderAndTextBox" time="2.213"/>
  <testcase classname="testCases.TestCase_03_10_EMICalculator_ValidatingFeesAndChargesTextBox" name="validateFeesAndChargesTextBox" time="1.256"/>
  <testcase classname="testCases.TestCase_03_11_EMICalculator_ValidatingFeesAndChargesSlider" name="validateFeesAndChargesSlider" time="1.293"/>
  <testcase classname="testCases.TestCase_03_12_EMICalculator_ScaleChangeForFeesAndChargesTextBoxAndSlider" name="validatingDataFlowBetweenFeesAndChargesSliderAndTextBox" time="2.438"/>
  <testcase classname="testCases.TestCase_03_13_LoanAmtCalculator_ValidatingEMITextBox" name="validatingValidatingEMITextBox" time="2.604"/>
  <testcase classname="testCases.TestCase_03_14_LoanAmtCalculator_ValidatingEMISlider" name="validatingEMISlider" time="2.546"/>
  <testcase classname="testCases.TestCase_03_15_LoanAmtCalculator_ScaleChangeForEMITextBoxAndSlider" name="validatingDataFlowBetweenEMISliderAndTextBox" time="3.525">
    <failure type="java.lang.AssertionError" message="null">
      <![CDATA[java.lang.AssertionError: null
at utilities.Assertions.fail(Assertions.java:13)
at testCases.TestCase_03_15_LoanAmtCalculator_ScaleChangeForEMITextBoxAndSlider.validatingDataFlowBetweenEMISliderAndTextBox(TestCase_03_15_LoanAmtCalculator_ScaleChangeForEMITextBoxAndSlider.java:45)
at java.base/java.util.ArrayList.forEach(ArrayList.java:1511)
... Removed 29 stack frames]]>
    </failure>
  </testcase> <!-- validatingDataFlowBetweenEMISliderAndTextBox -->
  <testcase classname="testCases.TestCase_03_16_LoanAmtCalculator_ValidatingInterestRateTextBox" name="validateInterestRateTextBox" time="2.15"/>
  <testcase classname="testCases.TestCase_03_17_LoanAmtCalculator_ValidatingInterestRateSlider" name="validatingDataFlowBetweenInterestRateSliderAndTextBox" time="1.87"/>
  <testcase classname="testCases.TestCase_03_18_LoanAmtCalculator_ScaleChangeForInterestRateTextBoxAndSlider" name="validatingDataFlowBetweenInterestRateSliderAndTextBox" time="2.963"/>
  <testcase classname="testCases.TestCase_03_19_LoanAmtCalculator_ValidatingLoanTenureTextBox" name="validateLoanTenureTextBox" time="1.488"/>
  <testcase classname="testCases.TestCase_03_20_LoanAmtCalculator_ValidatingLoanTenureSlider" name="validateLoanTenureSlider" time="1.793"/>
  <testcase classname="testCases.TestCase_03_21_LoanAmtCalculator_ScaleChangeForLoanTenureTextBoxAndSlider" name="validatingDataFlowBetweenLoanTenureSliderAndTextBox" time="3.136"/>
  <testcase classname="testCases.TestCase_03_22_LoanAmtCalculator_ValidatingFeesAndChargesTextBox" name="validateFeesAndChargesTextBox" time="1.953"/>
  <testcase classname="testCases.TestCase_03_23_LoanAmtCalculator_ValidatingFeesAndChargesSlider" name="validateFeesAndChargesSlider" time="1.636"/>
  <testcase classname="testCases.TestCase_03_24_LoanAmtCalculator_ScaleChangeForFeesAndChargesTextBoxAndSlider" name="validatingDataFlowBetweenFeesAndChargesSliderAndTextBox" time="2.916"/>
  <testcase classname="testCases.TestCase_03_25_LoanTenureCalculator_ValidatingLoanAmountTextBox" name="validateLoanAmountTextBox" time="2.087"/>
  <testcase classname="testCases.TestCase_03_26_LoanTenureCalculator_ValidatingLoanAmountSlider" name="validateLoanAmountSlider" time="1.706"/>
  <testcase classname="testCases.TestCase_03_27_LoanTenureCalculator_ScaleChangeForLoanAmountTextBoxAndSlider" name="validatingDataFlowBetweenLoanAmountSliderAndTextBox" time="3.058"/>
  <testcase classname="testCases.TestCase_03_28_LoanTenureCalculator_ValidatingEMITextBox" name="validatingValidatingEMITextBox" time="1.42"/>
  <testcase classname="testCases.TestCase_03_29_LoanTenureCalculator_ValidatingEMISlider" name="validatingEMISlider" time="1.904"/>
  <testcase classname="testCases.TestCase_03_30_LoanTenureCalculator_ScaleChangeForEMITextBoxAndSlider" name="validatingDataFlowBetweenEMISliderAndTextBox" time="2.923">
    <failure type="java.lang.AssertionError" message="null">
      <![CDATA[java.lang.AssertionError: null
at utilities.Assertions.fail(Assertions.java:13)
at testCases.TestCase_03_30_LoanTenureCalculator_ScaleChangeForEMITextBoxAndSlider.validatingDataFlowBetweenEMISliderAndTextBox(TestCase_03_30_LoanTenureCalculator_ScaleChangeForEMITextBoxAndSlider.java:45)
at java.base/java.util.ArrayList.forEach(ArrayList.java:1511)
... Removed 29 stack frames]]>
    </failure>
  </testcase> <!-- validatingDataFlowBetweenEMISliderAndTextBox -->
  <testcase classname="testCases.TestCase_03_31_LoanTenureCalculator_ValidatingInterestRateTextBox" name="validateInterestRateTextBox" time="1.647"/>
  <testcase classname="testCases.TestCase_03_32_LoanTenureCalculator_ValidatingInterestRateSlider" name="validatingInterestRateSlider" time="1.601"/>
  <testcase classname="testCases.TestCase_03_33_LoanTenureCalculator_ScaleChangeForInterestRateTextBoxAndSlider" name="validateDataFlowBetweenInterestRateSliderAndTextBox" time="2.997"/>
  <testcase classname="testCases.TestCase_03_34_LoanTenureCalculator_ValidatingFeesAndChargesTextBox" name="validateFeesAndChargesTextBox" time="1.912"/>
  <testcase classname="testCases.TestCase_03_35_LoanTenureCalculator_ValidatingFeesAndChargesSlider" name="validateFeesAndChargesSlider" time="1.975"/>
  <testcase classname="testCases.TestCase_03_36_LoanTenureCalculator_ScaleChangeForFeesAndChargesTextBoxAndSlider" name="validatingDataFlowBetweenFeesAndChargesSliderAndTextBox" time="3.447"/>
  <testcase classname="testCases.TestCase_03_37_EMICalculator_ValidationForYearAndMonthOption" name="validatingDataFlowBetweenYearAndMonthButton" time="1.544"/>
  <testcase classname="testCases.TestCase_03_38_LoanAmtCalculator_ValidationForYearAndMonthOption" name="validatingDataFlowBetweenYearAndMonthButton" time="2.358"/>
  <testcase classname="testBase.BaseClass" name="@BeforeTest setUp" time="0.0">
    <ignored/>
  </testcase> <!-- @BeforeTest setUp -->
  <testcase classname="testBase.BaseClass" name="@BeforeTest setUp" time="0.0">
    <ignored/>
  </testcase> <!-- @BeforeTest setUp -->
  <testcase classname="testBase.BaseClass" name="@AfterTest tearDown" time="0.0">
    <ignored/>
  </testcase> <!-- @AfterTest tearDown -->
  <testcase classname="testBase.BaseClass" name="@AfterTest tearDown" time="0.0">
    <ignored/>
  </testcase> <!-- @AfterTest tearDown -->
  <testcase classname="testBase.BaseClass" name="@AfterTest tearDown" time="0.0">
    <ignored/>
  </testcase> <!-- @AfterTest tearDown -->
  <testcase classname="testBase.BaseClass" name="@BeforeTest setUp" time="0.0">
    <ignored/>
  </testcase> <!-- @BeforeTest setUp -->
  <testcase classname="testBase.BaseClass" name="@AfterTest tearDown" time="0.0">
    <ignored/>
  </testcase> <!-- @AfterTest tearDown -->
  <testcase classname="testBase.BaseClass" name="@BeforeTest setUp" time="0.0">
    <ignored/>
  </testcase> <!-- @BeforeTest setUp -->
  <testcase classname="testBase.BaseClass" name="@AfterTest tearDown" time="0.0">
    <ignored/>
  </testcase> <!-- @AfterTest tearDown -->
  <testcase classname="testBase.BaseClass" name="@AfterTest tearDown" time="0.0">
    <ignored/>
  </testcase> <!-- @AfterTest tearDown -->
  <testcase classname="testBase.BaseClass" name="@AfterTest tearDown" time="0.0">
    <ignored/>
  </testcase> <!-- @AfterTest tearDown -->
  <testcase classname="testBase.BaseClass" name="@AfterTest tearDown" time="0.0">
    <ignored/>
  </testcase> <!-- @AfterTest tearDown -->
  <testcase classname="testBase.BaseClass" name="@BeforeTest setUp" time="0.0">
    <ignored/>
  </testcase> <!-- @BeforeTest setUp -->
  <testcase classname="testBase.BaseClass" name="@BeforeTest setUp" time="0.0">
    <ignored/>
  </testcase> <!-- @BeforeTest setUp -->
  <testcase classname="testBase.BaseClass" name="@BeforeTest setUp" time="0.0">
    <ignored/>
  </testcase> <!-- @BeforeTest setUp -->
  <testcase classname="testBase.BaseClass" name="@AfterTest tearDown" time="0.0">
    <ignored/>
  </testcase> <!-- @AfterTest tearDown -->
  <testcase classname="testBase.BaseClass" name="@BeforeTest setUp" time="0.0">
    <ignored/>
  </testcase> <!-- @BeforeTest setUp -->
  <testcase classname="testBase.BaseClass" name="@AfterTest tearDown" time="0.0">
    <ignored/>
  </testcase> <!-- @AfterTest tearDown -->
  <testcase classname="testBase.BaseClass" name="@AfterTest tearDown" time="0.0">
    <ignored/>
  </testcase> <!-- @AfterTest tearDown -->
  <testcase classname="testBase.BaseClass" name="@BeforeTest setUp" time="0.0">
    <ignored/>
  </testcase> <!-- @BeforeTest setUp -->
  <testcase classname="testBase.BaseClass" name="@BeforeTest setUp" time="0.0">
    <ignored/>
  </testcase> <!-- @BeforeTest setUp -->
  <testcase classname="testBase.BaseClass" name="@AfterTest tearDown" time="0.0">
    <ignored/>
  </testcase> <!-- @AfterTest tearDown -->
  <testcase classname="testBase.BaseClass" name="@BeforeTest setUp" time="0.0">
    <ignored/>
  </testcase> <!-- @BeforeTest setUp -->
  <testcase classname="testBase.BaseClass" name="@BeforeTest setUp" time="0.0">
    <ignored/>
  </testcase> <!-- @BeforeTest setUp -->
  <testcase classname="testBase.BaseClass" name="@AfterTest tearDown" time="0.0">
    <ignored/>
  </testcase> <!-- @AfterTest tearDown -->
  <testcase classname="testBase.BaseClass" name="@BeforeTest setUp" time="0.0">
    <ignored/>
  </testcase> <!-- @BeforeTest setUp -->
  <testcase classname="testBase.BaseClass" name="@BeforeTest setUp" time="0.0">
    <ignored/>
  </testcase> <!-- @BeforeTest setUp -->
  <testcase classname="testBase.BaseClass" name="@AfterTest tearDown" time="0.0">
    <ignored/>
  </testcase> <!-- @AfterTest tearDown -->
  <testcase classname="testBase.BaseClass" name="@AfterTest tearDown" time="0.0">
    <ignored/>
  </testcase> <!-- @AfterTest tearDown -->
  <testcase classname="testBase.BaseClass" name="@BeforeTest setUp" time="0.0">
    <ignored/>
  </testcase> <!-- @BeforeTest setUp -->
  <testcase classname="testBase.BaseClass" name="@BeforeTest setUp" time="0.0">
    <ignored/>
  </testcase> <!-- @BeforeTest setUp -->
  <testcase classname="testBase.BaseClass" name="@BeforeTest setUp" time="0.0">
    <ignored/>
  </testcase> <!-- @BeforeTest setUp -->
  <testcase classname="testBase.BaseClass" name="@AfterTest tearDown" time="0.0">
    <ignored/>
  </testcase> <!-- @AfterTest tearDown -->
  <testcase classname="testBase.BaseClass" name="@BeforeTest setUp" time="0.0">
    <ignored/>
  </testcase> <!-- @BeforeTest setUp -->
  <testcase classname="testBase.BaseClass" name="@BeforeTest setUp" time="0.0">
    <ignored/>
  </testcase> <!-- @BeforeTest setUp -->
  <testcase classname="testBase.BaseClass" name="@BeforeTest setUp" time="0.0">
    <ignored/>
  </testcase> <!-- @BeforeTest setUp -->
  <testcase classname="testBase.BaseClass" name="@AfterTest tearDown" time="0.0">
    <ignored/>
  </testcase> <!-- @AfterTest tearDown -->
  <testcase classname="testBase.BaseClass" name="@BeforeTest setUp" time="0.0">
    <ignored/>
  </testcase> <!-- @BeforeTest setUp -->
  <testcase classname="testBase.BaseClass" name="@AfterTest tearDown" time="0.0">
    <ignored/>
  </testcase> <!-- @AfterTest tearDown -->
  <testcase classname="testBase.BaseClass" name="@BeforeTest setUp" time="0.0">
    <ignored/>
  </testcase> <!-- @BeforeTest setUp -->
  <testcase classname="testBase.BaseClass" name="@AfterTest tearDown" time="0.0">
    <ignored/>
  </testcase> <!-- @AfterTest tearDown -->
  <testcase classname="testBase.BaseClass" name="@AfterTest tearDown" time="0.0">
    <ignored/>
  </testcase> <!-- @AfterTest tearDown -->
  <testcase classname="testBase.BaseClass" name="@AfterTest tearDown" time="0.0">
    <ignored/>
  </testcase> <!-- @AfterTest tearDown -->
  <testcase classname="testBase.BaseClass" name="@BeforeTest setUp" time="0.0">
    <ignored/>
  </testcase> <!-- @BeforeTest setUp -->
  <testcase classname="testBase.BaseClass" name="@BeforeTest setUp" time="0.0">
    <ignored/>
  </testcase> <!-- @BeforeTest setUp -->
  <testcase classname="testBase.BaseClass" name="@BeforeTest setUp" time="0.0">
    <ignored/>
  </testcase> <!-- @BeforeTest setUp -->
  <testcase classname="testBase.BaseClass" name="@BeforeTest setUp" time="0.0">
    <ignored/>
  </testcase> <!-- @BeforeTest setUp -->
  <testcase classname="testBase.BaseClass" name="@BeforeTest setUp" time="0.0">
    <ignored/>
  </testcase> <!-- @BeforeTest setUp -->
  <testcase classname="testBase.BaseClass" name="@BeforeTest setUp" time="0.0">
    <ignored/>
  </testcase> <!-- @BeforeTest setUp -->
  <testcase classname="testBase.BaseClass" name="@BeforeTest setUp" time="0.0">
    <ignored/>
  </testcase> <!-- @BeforeTest setUp -->
  <testcase classname="testBase.BaseClass" name="@BeforeTest setUp" time="0.0">
    <ignored/>
  </testcase> <!-- @BeforeTest setUp -->
  <testcase classname="testBase.BaseClass" name="@AfterTest tearDown" time="0.0">
    <ignored/>
  </testcase> <!-- @AfterTest tearDown -->
  <testcase classname="testBase.BaseClass" name="@BeforeTest setUp" time="0.0">
    <ignored/>
  </testcase> <!-- @BeforeTest setUp -->
  <testcase classname="testBase.BaseClass" name="@AfterTest tearDown" time="0.0">
    <ignored/>
  </testcase> <!-- @AfterTest tearDown -->
  <testcase classname="testBase.BaseClass" name="@BeforeTest setUp" time="0.0">
    <ignored/>
  </testcase> <!-- @BeforeTest setUp -->
  <testcase classname="testBase.BaseClass" name="@BeforeTest setUp" time="0.0">
    <ignored/>
  </testcase> <!-- @BeforeTest setUp -->
  <testcase classname="testBase.BaseClass" name="@AfterTest tearDown" time="0.0">
    <ignored/>
  </testcase> <!-- @AfterTest tearDown -->
  <testcase classname="testBase.BaseClass" name="@AfterTest tearDown" time="0.0">
    <ignored/>
  </testcase> <!-- @AfterTest tearDown -->
  <testcase classname="testBase.BaseClass" name="@BeforeTest setUp" time="0.0">
    <ignored/>
  </testcase> <!-- @BeforeTest setUp -->
  <testcase classname="testBase.BaseClass" name="@BeforeTest setUp" time="0.0">
    <ignored/>
  </testcase> <!-- @BeforeTest setUp -->
  <testcase classname="testBase.BaseClass" name="@AfterTest tearDown" time="0.0">
    <ignored/>
  </testcase> <!-- @AfterTest tearDown -->
  <testcase classname="testBase.BaseClass" name="@AfterTest tearDown" time="0.0">
    <ignored/>
  </testcase> <!-- @AfterTest tearDown -->
  <testcase classname="testBase.BaseClass" name="@BeforeTest setUp" time="0.0">
    <ignored/>
  </testcase> <!-- @BeforeTest setUp -->
  <testcase classname="testBase.BaseClass" name="@AfterTest tearDown" time="0.0">
    <ignored/>
  </testcase> <!-- @AfterTest tearDown -->
  <testcase classname="testBase.BaseClass" name="@AfterTest tearDown" time="0.0">
    <ignored/>
  </testcase> <!-- @AfterTest tearDown -->
  <testcase classname="testBase.BaseClass" name="@AfterTest tearDown" time="0.0">
    <ignored/>
  </testcase> <!-- @AfterTest tearDown -->
  <testcase classname="testBase.BaseClass" name="@AfterTest tearDown" time="0.0">
    <ignored/>
  </testcase> <!-- @AfterTest tearDown -->
  <testcase classname="testBase.BaseClass" name="@BeforeTest setUp" time="0.0">
    <ignored/>
  </testcase> <!-- @BeforeTest setUp -->
  <testcase classname="testBase.BaseClass" name="@BeforeTest setUp" time="0.0">
    <ignored/>
  </testcase> <!-- @BeforeTest setUp -->
  <testcase classname="testBase.BaseClass" name="@AfterTest tearDown" time="0.0">
    <ignored/>
  </testcase> <!-- @AfterTest tearDown -->
  <testcase classname="testBase.BaseClass" name="@AfterTest tearDown" time="0.0">
    <ignored/>
  </testcase> <!-- @AfterTest tearDown -->
  <testcase classname="testBase.BaseClass" name="@BeforeTest setUp" time="0.0">
    <ignored/>
  </testcase> <!-- @BeforeTest setUp -->
  <testcase classname="testBase.BaseClass" name="@AfterTest tearDown" time="0.0">
    <ignored/>
  </testcase> <!-- @AfterTest tearDown -->
  <testcase classname="testBase.BaseClass" name="@AfterTest tearDown" time="0.0">
    <ignored/>
  </testcase> <!-- @AfterTest tearDown -->
  <testcase classname="testBase.BaseClass" name="@AfterTest tearDown" time="0.0">
    <ignored/>
  </testcase> <!-- @AfterTest tearDown -->
  <testcase classname="testBase.BaseClass" name="@BeforeTest setUp" time="0.0">
    <ignored/>
  </testcase> <!-- @BeforeTest setUp -->
  <testcase classname="testBase.BaseClass" name="@AfterTest tearDown" time="0.0">
    <ignored/>
  </testcase> <!-- @AfterTest tearDown -->
  <testcase classname="testBase.BaseClass" name="@AfterTest tearDown" time="0.0">
    <ignored/>
  </testcase> <!-- @AfterTest tearDown -->
  <testcase classname="testBase.BaseClass" name="@AfterTest tearDown" time="0.0">
    <ignored/>
  </testcase> <!-- @AfterTest tearDown -->
  <testcase classname="testBase.BaseClass" name="@AfterTest tearDown" time="0.0">
    <ignored/>
  </testcase> <!-- @AfterTest tearDown -->
</testsuite> <!-- edgeTest -->
